?   	github.com/winkb/tcp1/bfio	[no test files]
=== RUN   TestBtToHead
    head_test.go:15: 2
    head_test.go:16: 4
    head_test.go:21: [100 0 100 0 0 0]
    head_test.go:28: &{100 100}
--- PASS: TestBtToHead (0.00s)
=== RUN   TestHeadBytes2
    head_test.go:38: [100 0 12 0 0 0]
--- PASS: TestHeadBytes2 (0.00s)
=== RUN   TestWriteHead
    head_test.go:49: <nil>
    head_test.go:51: [100 0 12 0 0 0]
--- PASS: TestWriteHead (0.00s)
=== RUN   TestWriteStructToBinary
    head_test.go:64: <nil>
    head_test.go:65: [123 34 77 115 103 34 58 49 48 125]
    head_test.go:71: <nil>
    head_test.go:72: [10 0 0 0]
--- PASS: TestWriteStructToBinary (0.00s)
PASS
ok  	github.com/winkb/tcp1/btmsg	(cached)
=== RUN   TestShutdown
panic: dial tcp :989: connect: connection refused

goroutine 5 [running]:
github.com/winkb/tcp1/client.start()
	/Users/lixingbo/golang/100-demo/tcp1/client/main_test.go:57 +0x194
github.com/winkb/tcp1/client.TestShutdown.func1()
	/Users/lixingbo/golang/100-demo/tcp1/client/main_test.go:18 +0x54
created by github.com/winkb/tcp1/client.TestShutdown
	/Users/lixingbo/golang/100-demo/tcp1/client/main_test.go:16 +0x98
FAIL	github.com/winkb/tcp1/client	0.008s
=== RUN   TestClientMul
start server :989
goroutine scan_input defer
服务端断开连接
goroutine conn_read defer
goroutine conn_write defer
goroutine conn_receive defer
goroutine scan_input defer
goroutine scan_input defer
goroutine scan_input defer
服务端断开连接
goroutine conn_read defer
goroutine conn_write defer
goroutine conn_receive defer
服务端断开连接
goroutine conn_read defer
goroutine scan_input defer
服务端断开连接
goroutine conn_read defer
goroutine conn_receive defer
goroutine conn_write defer
goroutine conn_write defer
goroutine conn_receive defer
服务端断开连接
goroutine conn_read defer
goroutine conn_write defer
goroutine conn_receive defer
127.0.0.1:58354conn success
goroutine scan_input defer
goroutine scan_input defer
服务端断开连接
goroutine conn_read defer
goroutine conn_write defer
goroutine conn_receive defer
goroutine scan_input defer
服务端断开连接
goroutine conn_read defer
goroutine conn_write defer
goroutine conn_receive defer
服务端断开连接
goroutine conn_read defer
goroutine conn_write defer
goroutine conn_receive defer
服务端断开连接
goroutine conn_read defer
goroutine scan_input defer
goroutine conn_write defer
goroutine conn_receive defer
服务端断开连接
goroutine conn_read defer
goroutine conn_write defer
goroutine conn_receive defer
goroutine scan_input defer
服务端断开连接
goroutine conn_read defer
goroutine conn_write defer
goroutine conn_receive defer
goroutine scan_input defer
服务端断开连接
goroutine conn_read defer
goroutine conn_write defer
goroutine conn_receive defer
127.0.0.1:58353conn success
127.0.0.1:58355conn success
127.0.0.1:58356conn success
goroutine scan_input defer
127.0.0.1:58357conn success
goroutine scan_input defer
goroutine scan_input defer
127.0.0.1:58358conn success
goroutine scan_input defer
goroutine scan_input defer
服务端断开连接
goroutine conn_read defer
goroutine conn_write defer
goroutine conn_receive defer
服务端断开连接
goroutine scan_input defer
goroutine conn_read defer
goroutine conn_write defer
127.0.0.1:58360conn success
goroutine conn_receive defer
goroutine scan_input defer
goroutine 1_conn_consume_input defer
    main_test.go:69: conn close by client self
goroutine 1_conn_read defer
goroutine 1_conn_consume_output defer
服务端断开连接
goroutine conn_read defer
127.0.0.1:58359conn success
goroutine conn_write defer
goroutine conn_receive defer
服务端断开连接
goroutine conn_read defer
goroutine conn_write defer
goroutine conn_receive defer
服务端断开连接
goroutine conn_read defer
goroutine conn_write defer
goroutine conn_receive defer
服务端断开连接
goroutine conn_read defer
127.0.0.1:58361conn success
goroutine conn_write defer
goroutine conn_receive defer
goroutine scan_input defer
goroutine conn_receive defer
goroutine 8_conn_consume_output defer
goroutine 8_conn_consume_input defer
    main_test.go:69: conn close by client self
goroutine 2_conn_read defer
goroutine 2_conn_consume_input defer
goroutine 2_conn_consume_output defer
    main_test.go:69: conn close by client self
goroutine 3_conn_consume_input defer
goroutine 8_conn_read defer
goroutine 3_conn_consume_output defer
goroutine 4_conn_consume_input defer
    main_test.go:69: conn close by client self
goroutine 3_conn_read defer
goroutine 7_conn_consume_output defer
goroutine 4_conn_consume_output defer
    main_test.go:69: conn close by client self
goroutine 4_conn_read defer
goroutine 9_conn_consume_input defer
goroutine 9_conn_consume_output defer
服务端断开连接
    main_test.go:69: conn close by client self
goroutine 7_conn_read defer
goroutine conn_write defer
goroutine 7_conn_consume_input defer
127.0.0.1:58363conn success
127.0.0.1:58362conn success
goroutine scan_input defer
    main_test.go:69: conn close by client self
goroutine 6_conn_read defer
goroutine 6_conn_consume_input defer
goroutine scan_input defer
    main_test.go:69: conn close by client self
goroutine 10_conn_read defer
goroutine 10_conn_consume_input defer
goroutine 10_conn_consume_output defer
服务端断开连接
goroutine conn_read defer
goroutine conn_write defer
goroutine conn_receive defer
goroutine 6_conn_consume_output defer
服务端断开连接
goroutine conn_read defer
goroutine conn_write defer
goroutine conn_receive defer
    main_test.go:69: conn close by client self
goroutine 5_conn_read defer
goroutine 5_conn_consume_output defer
goroutine conn_read defer
goroutine scan_input defer
    main_test.go:69: conn close by client self
goroutine 9_conn_read defer
    main_test.go:69: conn close by client self
goroutine 11_conn_read defer
goroutine 5_conn_consume_input defer
goroutine 11_conn_consume_output defer
goroutine scan_input defer
服务端断开连接
goroutine conn_read defer
goroutine conn_write defer
goroutine conn_receive defer
goroutine 11_conn_consume_input defer
服务端断开连接
goroutine conn_read defer
goroutine conn_write defer
goroutine conn_receive defer
goroutine scan_input defer
127.0.0.1:58364conn success
127.0.0.1:58365conn success
goroutine scan_input defer
服务端断开连接
goroutine conn_read defer
goroutine conn_write defer
goroutine conn_receive defer
127.0.0.1:58366conn success
服务端断开连接
goroutine conn_read defer
goroutine conn_write defer
goroutine conn_receive defer
127.0.0.1:58367conn success
    main_test.go:69: conn close by client self
goroutine 12_conn_read defer
goroutine 12_conn_consume_output defer
goroutine 12_conn_consume_input defer
127.0.0.1:58368conn success
127.0.0.1:58369conn success
服务端断开连接
goroutine conn_read defer
goroutine scan_input defer
goroutine conn_write defer
goroutine conn_receive defer
    main_test.go:69: conn close by client self
goroutine 16_conn_read defer
goroutine 16_conn_consume_input defer
goroutine 16_conn_consume_output defer
goroutine scan_input defer
服务端断开连接
goroutine conn_read defer
goroutine conn_write defer
goroutine conn_receive defer
127.0.0.1:58370conn success
goroutine scan_input defer
goroutine conn_write defer
服务端断开连接
goroutine conn_read defer
goroutine 18_conn_consume_input defer
    main_test.go:69: conn close by client self
goroutine 18_conn_read defer
goroutine 15_conn_consume_output defer
goroutine 18_conn_consume_output defer
goroutine conn_receive defer
    main_test.go:69: conn close by client self
goroutine 15_conn_read defer
goroutine 15_conn_consume_input defer
goroutine 13_conn_consume_output defer
服务端断开连接
goroutine conn_read defer
goroutine conn_write defer
goroutine 13_conn_consume_input defer
goroutine conn_receive defer
goroutine scan_input defer
    main_test.go:69: conn close by client self
goroutine 17_conn_read defer
goroutine 14_conn_consume_input defer
goroutine 14_conn_consume_output defer
    main_test.go:69: conn close by client self
goroutine 17_conn_consume_input defer
    main_test.go:69: conn close by client self
goroutine 14_conn_read defer
goroutine 17_conn_consume_output defer
goroutine 13_conn_read defer
服务端断开连接
goroutine conn_read defer
goroutine conn_write defer
goroutine conn_receive defer
127.0.0.1:58371conn success
服务端断开连接
goroutine conn_read defer
goroutine 19_conn_consume_output defer
goroutine conn_write defer
goroutine conn_receive defer
goroutine scan_input defer
    main_test.go:69: conn close by client self
goroutine 19_conn_read defer
goroutine scan_input defer
goroutine 19_conn_consume_input defer
服务端断开连接
goroutine conn_read defer
goroutine scan_input defer
goroutine conn_write defer
goroutine conn_receive defer
goroutine scan_input defer
goroutine scan_input defer
服务端断开连接
goroutine conn_read defer
goroutine conn_receive defer
goroutine conn_receive defer
goroutine conn_write defer
服务端断开连接
goroutine conn_read defer
goroutine conn_write defer
服务端断开连接
goroutine conn_read defer
goroutine scan_input defer
goroutine conn_write defer
goroutine conn_receive defer
goroutine scan_input defer
127.0.0.1:58372conn success
goroutine conn_write defer
goroutine conn_receive defer
服务端断开连接
goroutine conn_read defer
127.0.0.1:58373conn success
服务端断开连接
goroutine conn_read defer
goroutine conn_write defer
goroutine scan_input defer
goroutine conn_receive defer
服务端断开连接
goroutine conn_read defer
goroutine conn_write defer
goroutine scan_input defer
goroutine conn_receive defer
    main_test.go:69: conn close by client self
goroutine 21_conn_read defer
goroutine 21_conn_consume_output defer
goroutine 21_conn_consume_input defer
服务端断开连接
goroutine conn_read defer
goroutine scan_input defer
goroutine conn_write defer
goroutine conn_receive defer
服务端断开连接
goroutine conn_read defer
goroutine conn_write defer
goroutine conn_receive defer
goroutine scan_input defer
goroutine 20_conn_consume_output defer
    main_test.go:69: conn close by client self
goroutine 20_conn_read defer
goroutine 20_conn_consume_input defer
goroutine scan_input defer
127.0.0.1:58374conn success
goroutine conn_receive defer
goroutine conn_write defer
服务端断开连接
goroutine conn_read defer
服务端断开连接
goroutine conn_read defer
goroutine conn_receive defer
goroutine conn_write defer
goroutine scan_input defer
127.0.0.1:58375conn success
127.0.0.1:58376conn success
goroutine scan_input defer
goroutine 23_conn_consume_input defer
goroutine 23_conn_consume_output defer
    main_test.go:69: conn close by client self
服务端断开连接
goroutine conn_read defer
goroutine scan_input defer
服务端断开连接
goroutine conn_read defer
goroutine conn_receive defer
goroutine conn_write defer
goroutine conn_receive defer
goroutine scan_input defer
goroutine 22_conn_consume_output defer
goroutine 22_conn_read defer
goroutine conn_write defer
服务端断开连接
goroutine conn_read defer
goroutine 22_conn_consume_input defer
goroutine conn_write defer
goroutine scan_input defer
goroutine conn_receive defer
服务端断开连接
goroutine conn_read defer
goroutine conn_write defer
goroutine conn_receive defer
    main_test.go:69: conn close by client self
goroutine 23_conn_read defer
goroutine scan_input defer
服务端断开连接
goroutine conn_read defer
goroutine conn_write defer
goroutine conn_receive defer
127.0.0.1:58377conn success
goroutine 24_conn_consume_input defer
    main_test.go:69: conn close by client self
服务端断开连接
goroutine conn_read defer
goroutine 24_conn_read defer
goroutine conn_receive defer
服务端断开连接
goroutine conn_read defer
goroutine 24_conn_consume_output defer
goroutine scan_input defer
goroutine scan_input defer
goroutine conn_write defer
goroutine 25_conn_consume_output defer
goroutine conn_write defer
goroutine conn_receive defer
goroutine 25_conn_consume_input defer
    main_test.go:69: conn close by client self
goroutine 25_conn_read defer
goroutine scan_input defer
服务端断开连接
goroutine conn_read defer
goroutine conn_receive defer
goroutine conn_write defer
服务端断开连接
goroutine conn_read defer
goroutine conn_receive defer
goroutine conn_receive defer
goroutine scan_input defer
goroutine scan_input defer
goroutine conn_write defer
服务端断开连接
goroutine conn_read defer
goroutine conn_write defer
服务端断开连接
goroutine conn_read defer
goroutine conn_write defer
goroutine conn_receive defer
127.0.0.1:58378conn success
goroutine scan_input defer
goroutine 26_conn_consume_output defer
    main_test.go:69: conn close by client self
goroutine 26_conn_read defer
goroutine 26_conn_consume_input defer
服务端断开连接
goroutine conn_read defer
goroutine scan_input defer
goroutine scan_input defer
127.0.0.1:58379conn success
服务端断开连接
goroutine conn_read defer
服务端断开连接
goroutine conn_write defer
服务端断开连接
goroutine conn_receive defer
goroutine scan_input defer
goroutine conn_receive defer
goroutine conn_write defer
goroutine scan_input defer
goroutine conn_write defer
goroutine scan_input defer
goroutine conn_receive defer
goroutine conn_read defer
goroutine conn_write defer
goroutine conn_read defer
服务端断开连接
goroutine conn_read defer
127.0.0.1:58380conn success
goroutine 28_conn_consume_output defer
服务端断开连接
goroutine conn_read defer
goroutine conn_receive defer
goroutine 28_conn_consume_input defer
    main_test.go:69: conn close by client self
goroutine 27_conn_read defer
goroutine 27_conn_consume_output defer
goroutine scan_input defer
goroutine scan_input defer
goroutine scan_input defer
goroutine conn_write defer
127.0.0.1:58381conn success
goroutine scan_input defer
goroutine 27_conn_consume_input defer
goroutine scan_input defer
goroutine conn_receive defer
    main_test.go:69: conn close by client self
goroutine scan_input defer
服务端断开连接
goroutine conn_read defer
goroutine scan_input defer
服务端断开连接
goroutine conn_read defer
goroutine scan_input defer
goroutine 29_conn_consume_output defer
goroutine scan_input defer
goroutine 29_conn_consume_input defer
服务端断开连接
goroutine conn_read defer
goroutine conn_write defer
goroutine scan_input defer
127.0.0.1:58382conn success
goroutine scan_input defer
goroutine scan_input defer
goroutine conn_receive defer
goroutine conn_receive defer
goroutine scan_input defer
服务端断开连接
goroutine conn_read defer
goroutine conn_write defer
127.0.0.1:58383conn success
服务端断开连接
goroutine conn_read defer
goroutine scan_input defer
服务端断开连接
goroutine conn_read defer
127.0.0.1:58384conn success
goroutine conn_receive defer
goroutine scan_input defer
goroutine scan_input defer
goroutine scan_input defer
goroutine scan_input defer
goroutine conn_receive defer
goroutine conn_write defer
服务端断开连接
goroutine conn_receive defer
goroutine 30_conn_consume_input defer
goroutine 28_conn_read defer
goroutine scan_input defer
    main_test.go:69: conn close by client self
goroutine 29_conn_read defer
goroutine conn_receive defer
goroutine scan_input defer
goroutine conn_write defer
goroutine conn_receive defer
goroutine conn_write defer
goroutine conn_write defer
goroutine conn_receive defer
服务端断开连接
goroutine conn_read defer
goroutine scan_input defer
服务端断开连接
goroutine conn_read defer
goroutine conn_write defer
goroutine conn_write defer
goroutine conn_write defer
goroutine conn_write defer
服务端断开连接
goroutine conn_read defer
服务端断开连接
goroutine conn_write defer
goroutine scan_input defer
goroutine conn_receive defer
goroutine scan_input defer
goroutine conn_receive defer
goroutine 32_conn_consume_input defer
goroutine conn_write defer
goroutine conn_receive defer
goroutine scan_input defer
goroutine conn_receive defer
goroutine conn_write defer
goroutine scan_input defer
goroutine conn_receive defer
goroutine conn_write defer
goroutine 33_conn_consume_output defer
服务端断开连接
goroutine conn_read defer
服务端断开连接
goroutine conn_write defer
goroutine conn_receive defer
goroutine 30_conn_consume_output defer
goroutine conn_write defer
goroutine conn_write defer
goroutine scan_input defer
goroutine conn_receive defer
服务端断开连接
goroutine conn_receive defer
goroutine scan_input defer
服务端断开连接
goroutine conn_write defer
goroutine scan_input defer
goroutine conn_receive defer
goroutine conn_write defer
goroutine conn_receive defer
goroutine conn_receive defer
服务端断开连接
goroutine conn_read defer
服务端断开连接
goroutine conn_read defer
服务端断开连接
服务端断开连接
goroutine conn_receive defer
服务端断开连接
goroutine conn_receive defer
goroutine 31_conn_consume_input defer
goroutine 31_conn_consume_output defer
goroutine scan_input defer
goroutine scan_input defer
goroutine conn_read defer
goroutine scan_input defer
goroutine conn_write defer
goroutine conn_write defer
goroutine conn_receive defer
goroutine conn_receive defer
服务端断开连接
服务端断开连接
goroutine conn_read defer
goroutine conn_write defer
服务端断开连接
goroutine conn_receive defer
goroutine conn_receive defer
goroutine conn_write defer
    main_test.go:69: conn close by client self
goroutine 30_conn_read defer
goroutine conn_receive defer
服务端断开连接
goroutine conn_read defer
goroutine conn_write defer
goroutine scan_input defer
goroutine scan_input defer
goroutine conn_receive defer
服务端断开连接
    main_test.go:69: conn close by client self
goroutine 31_conn_read defer
goroutine conn_write defer
goroutine conn_receive defer
goroutine conn_receive defer
goroutine conn_receive defer
goroutine scan_input defer
goroutine conn_write defer
goroutine conn_receive defer
goroutine scan_input defer
127.0.0.1:58385conn success
服务端断开连接
goroutine conn_read defer
goroutine conn_receive defer
服务端断开连接
goroutine conn_read defer
goroutine conn_write defer
goroutine conn_read defer
goroutine conn_write defer
goroutine conn_write defer
goroutine conn_receive defer
服务端断开连接
goroutine conn_read defer
goroutine conn_receive defer
服务端断开连接
goroutine conn_read defer
goroutine conn_write defer
goroutine conn_write defer
goroutine conn_write defer
goroutine conn_receive defer
goroutine conn_read defer
goroutine conn_write defer
goroutine conn_read defer
goroutine conn_read defer
goroutine conn_write defer
goroutine scan_input defer
服务端断开连接
goroutine conn_read defer
服务端断开连接
goroutine conn_read defer
goroutine scan_input defer
goroutine scan_input defer
goroutine 32_conn_consume_output defer
goroutine conn_write defer
goroutine conn_receive defer
goroutine conn_read defer
服务端断开连接
goroutine conn_read defer
goroutine conn_receive defer
goroutine conn_write defer
服务端断开连接
goroutine conn_read defer
goroutine scan_input defer
goroutine conn_receive defer
goroutine scan_input defer
服务端断开连接
goroutine conn_read defer
服务端断开连接
goroutine conn_read defer
goroutine conn_receive defer
goroutine conn_receive defer
服务端断开连接
goroutine conn_read defer
goroutine conn_write defer
goroutine conn_receive defer
goroutine conn_write defer
goroutine conn_write defer
服务端断开连接
goroutine conn_read defer
服务端断开连接
goroutine conn_read defer
goroutine conn_read defer
goroutine conn_write defer
goroutine 33_conn_consume_input defer
服务端断开连接
goroutine conn_read defer
127.0.0.1:58387conn success
goroutine scan_input defer
goroutine 34_conn_consume_input defer
    main_test.go:69: conn close by client self
goroutine 32_conn_read defer
goroutine conn_receive defer
127.0.0.1:58386conn success
goroutine conn_write defer
goroutine conn_read defer
goroutine conn_read defer
goroutine 34_conn_consume_output defer
服务端断开连接
goroutine scan_input defer
goroutine 35_conn_consume_output defer
127.0.0.1:58388conn success
goroutine 36_conn_consume_output defer
goroutine conn_read defer
goroutine 35_conn_consume_input defer
goroutine conn_read defer
    main_test.go:69: conn close by client self
127.0.0.1:58389conn success
goroutine 36_conn_consume_input defer
goroutine conn_read defer
goroutine 35_conn_read defer
goroutine 37_conn_consume_input defer
    main_test.go:69: conn close by client self
goroutine 33_conn_read defer
goroutine 37_conn_consume_output defer
127.0.0.1:58390conn success
服务端断开连接
goroutine 39_conn_consume_output defer
goroutine 39_conn_consume_input defer
goroutine 38_conn_consume_input defer
goroutine 38_conn_consume_output defer
127.0.0.1:58391conn success
goroutine conn_read defer
goroutine conn_write defer
    main_test.go:69: conn close by client self
127.0.0.1:58392conn success
goroutine 34_conn_read defer
goroutine 40_conn_consume_input defer
    main_test.go:69: conn close by client self
goroutine 36_conn_read defer
127.0.0.1:58393conn success
goroutine 40_conn_consume_output defer
goroutine 41_conn_consume_output defer
goroutine 41_conn_consume_input defer
    main_test.go:69: conn close by client self
goroutine 37_conn_read defer
127.0.0.1:58394conn success
    main_test.go:69: conn close by client self
goroutine 38_conn_read defer
    main_test.go:69: conn close by client self
goroutine 42_conn_read defer
127.0.0.1:58395conn success
goroutine 43_conn_consume_input defer
goroutine 42_conn_consume_input defer
goroutine 43_conn_consume_output defer
goroutine 42_conn_consume_output defer
127.0.0.1:58396conn success
    main_test.go:69: conn close by client self
goroutine 39_conn_read defer
    main_test.go:69: conn close by client self
127.0.0.1:58397conn success
    main_test.go:69: conn close by client self
goroutine 44_conn_consume_output defer
goroutine 41_conn_read defer
goroutine 45_conn_consume_input defer
    main_test.go:69: conn close by client self
127.0.0.1:58398conn success
goroutine 45_conn_consume_output defer
goroutine 43_conn_read defer
    main_test.go:69: conn close by client self
goroutine 44_conn_read defer
goroutine 46_conn_consume_input defer
127.0.0.1:58399conn success
goroutine 40_conn_read defer
goroutine 46_conn_consume_output defer
goroutine 47_conn_consume_output defer
goroutine 47_conn_consume_input defer
goroutine 44_conn_consume_input defer
    main_test.go:69: conn close by client self
goroutine 45_conn_read defer
127.0.0.1:58400conn success
    main_test.go:69: conn close by client self
goroutine 48_conn_read defer
goroutine 48_conn_consume_output defer
goroutine 48_conn_consume_input defer
127.0.0.1:58401conn success
    main_test.go:69: conn close by client self
    main_test.go:69: conn close by client self
goroutine 49_conn_consume_input defer
127.0.0.1:58403conn success
    main_test.go:69: conn close by client self
goroutine 46_conn_read defer
goroutine 49_conn_consume_output defer
goroutine 50_conn_consume_input defer
goroutine 47_conn_read defer
goroutine 50_conn_consume_output defer
goroutine 49_conn_read defer
127.0.0.1:58404conn success
    main_test.go:69: conn close by client self
goroutine 50_conn_read defer
goroutine 51_conn_consume_input defer
    main_test.go:69: conn close by client self
goroutine 51_conn_read defer
goroutine 51_conn_consume_output defer
127.0.0.1:58405conn success
goroutine 52_conn_consume_output defer
127.0.0.1:58406conn success
goroutine 52_conn_consume_input defer
    main_test.go:69: conn close by client self
goroutine 52_conn_read defer
goroutine 53_conn_consume_input defer
goroutine 53_conn_consume_output defer
    main_test.go:69: conn close by client self
goroutine 54_conn_consume_output defer
goroutine 53_conn_read defer
127.0.0.1:58407conn success
goroutine 54_conn_consume_input defer
    main_test.go:69: conn close by client self
goroutine 54_conn_read defer
127.0.0.1:58408conn success
goroutine 55_conn_consume_input defer
127.0.0.1:58409conn success
goroutine 56_conn_consume_output defer
    main_test.go:69: conn close by client self
goroutine 55_conn_read defer
    main_test.go:69: conn close by client self
goroutine 56_conn_read defer
goroutine 56_conn_consume_input defer
goroutine 55_conn_consume_output defer
127.0.0.1:58410conn success
127.0.0.1:58411conn success
    main_test.go:69: conn close by client self
goroutine 57_conn_read defer
goroutine 57_conn_consume_input defer
goroutine 58_conn_consume_output defer
goroutine 58_conn_consume_input defer
goroutine 57_conn_consume_output defer
goroutine 59_conn_consume_output defer
goroutine 59_conn_consume_input defer
    main_test.go:69: conn close by client self
127.0.0.1:58412conn success
goroutine 58_conn_read defer
    main_test.go:69: conn close by client self
goroutine 59_conn_read defer
127.0.0.1:58413conn success
goroutine 60_conn_consume_output defer
    main_test.go:69: conn close by client self
goroutine 60_conn_read defer
goroutine 60_conn_consume_input defer
127.0.0.1:58414conn success
    main_test.go:69: conn close by client self
goroutine 61_conn_read defer
goroutine 61_conn_consume_output defer
goroutine 61_conn_consume_input defer
127.0.0.1:58415conn success
127.0.0.1:58416conn success
    main_test.go:69: conn close by client self
goroutine 62_conn_read defer
goroutine 62_conn_consume_input defer
goroutine 62_conn_consume_output defer
goroutine 63_conn_consume_input defer
127.0.0.1:58417conn success
goroutine 63_conn_consume_output defer
    main_test.go:69: conn close by client self
goroutine 63_conn_read defer
goroutine 64_conn_consume_input defer
goroutine 64_conn_consume_output defer
    main_test.go:69: conn close by client self
goroutine 64_conn_read defer
127.0.0.1:58418conn success
127.0.0.1:58419conn success
    main_test.go:69: conn close by client self
goroutine 65_conn_read defer
goroutine 65_conn_consume_input defer
goroutine 66_conn_consume_input defer
    main_test.go:69: conn close by client self
goroutine 66_conn_read defer
goroutine 66_conn_consume_output defer
127.0.0.1:58402conn success
goroutine 67_conn_consume_input defer
    main_test.go:69: conn close by client self
goroutine 67_conn_read defer
goroutine 65_conn_consume_output defer
goroutine 67_conn_consume_output defer
127.0.0.1:58420conn success
    main_test.go:69: conn close by client self
goroutine 68_conn_read defer
goroutine 68_conn_consume_output defer
goroutine 68_conn_consume_input defer
127.0.0.1:58421conn success
127.0.0.1:58422conn success
    main_test.go:69: conn close by client self
goroutine 69_conn_consume_output defer
goroutine 69_conn_read defer
goroutine 69_conn_consume_input defer
127.0.0.1:58423conn success
    main_test.go:69: conn close by client self
goroutine 70_conn_read defer
goroutine 70_conn_consume_output defer
goroutine 70_conn_consume_input defer
127.0.0.1:58424conn success
    main_test.go:69: conn close by client self
goroutine 71_conn_read defer
goroutine 71_conn_consume_output defer
goroutine 71_conn_consume_input defer
    main_test.go:69: conn close by client self
goroutine 72_conn_read defer
127.0.0.1:58425conn success
    main_test.go:69: conn close by client self
goroutine 73_conn_read defer
goroutine 72_conn_consume_output defer
goroutine 73_conn_consume_output defer
goroutine 73_conn_consume_input defer
goroutine 72_conn_consume_input defer
127.0.0.1:58426conn success
goroutine 74_conn_consume_input defer
    main_test.go:69: conn close by client self
goroutine 74_conn_read defer
goroutine 74_conn_consume_output defer
127.0.0.1:58428conn success
    main_test.go:69: conn close by client self
goroutine 75_conn_read defer
goroutine 75_conn_consume_input defer
127.0.0.1:58427conn success
goroutine 75_conn_consume_output defer
goroutine 76_conn_consume_input defer
    main_test.go:69: conn close by client self
goroutine 76_conn_read defer
goroutine 76_conn_consume_output defer
127.0.0.1:58429conn success
goroutine 77_conn_consume_input defer
    main_test.go:69: conn close by client self
goroutine 77_conn_read defer
goroutine 77_conn_consume_output defer
127.0.0.1:58430conn success
    main_test.go:69: conn close by client self
goroutine 78_conn_read defer
127.0.0.1:58431conn success
goroutine 78_conn_consume_input defer
goroutine 78_conn_consume_output defer
    main_test.go:69: conn close by client self
127.0.0.1:58432conn success
goroutine 79_conn_consume_output defer
goroutine 79_conn_consume_input defer
goroutine 80_conn_consume_output defer
127.0.0.1:58433conn success
    main_test.go:69: conn close by client self
goroutine 79_conn_read defer
goroutine 80_conn_read defer
goroutine 80_conn_consume_input defer
goroutine 81_conn_consume_input defer
127.0.0.1:58434conn success
    main_test.go:69: conn close by client self
goroutine 81_conn_read defer
goroutine 82_conn_consume_input defer
    main_test.go:69: conn close by client self
goroutine 82_conn_consume_output defer
127.0.0.1:58435conn success
goroutine 83_conn_consume_input defer
goroutine 82_conn_read defer
    main_test.go:69: conn close by client self
goroutine 83_conn_read defer
goroutine 81_conn_consume_output defer
goroutine 83_conn_consume_output defer
127.0.0.1:58436conn success
127.0.0.1:58437conn success
    main_test.go:69: conn close by client self
goroutine 85_conn_consume_output defer
goroutine 85_conn_consume_input defer
goroutine 84_conn_consume_input defer
127.0.0.1:58438conn success
goroutine 84_conn_consume_output defer
goroutine 84_conn_read defer
    main_test.go:69: conn close by client self
goroutine 85_conn_read defer
goroutine 86_conn_consume_input defer
127.0.0.1:58439conn success
goroutine 86_conn_consume_output defer
    main_test.go:69: conn close by client self
goroutine 87_conn_consume_output defer
goroutine 87_conn_consume_input defer
goroutine 86_conn_read defer
    main_test.go:69: conn close by client self
goroutine 87_conn_read defer
127.0.0.1:58440conn success
goroutine 88_conn_consume_output defer
    main_test.go:69: conn close by client self
goroutine 88_conn_read defer
127.0.0.1:58441conn success
goroutine 88_conn_consume_input defer
    main_test.go:69: conn close by client self
goroutine 89_conn_read defer
goroutine 89_conn_consume_output defer
goroutine 90_conn_consume_input defer
goroutine 89_conn_consume_input defer
    main_test.go:69: conn close by client self
goroutine 90_conn_read defer
127.0.0.1:58442conn success
goroutine 90_conn_consume_output defer
127.0.0.1:58443conn success
127.0.0.1:58444conn success
    main_test.go:69: conn close by client self
goroutine 91_conn_consume_input defer
goroutine 91_conn_read defer
127.0.0.1:58445conn success
goroutine 92_conn_consume_input defer
goroutine 91_conn_consume_output defer
    main_test.go:69: conn close by client self
goroutine 92_conn_read defer
127.0.0.1:58446conn success
goroutine 92_conn_consume_output defer
    main_test.go:69: conn close by client self
goroutine 93_conn_read defer
goroutine 93_conn_consume_input defer
127.0.0.1:58447conn success
goroutine 94_conn_consume_input defer
    main_test.go:69: conn close by client self
goroutine 94_conn_read defer
goroutine 93_conn_consume_output defer
127.0.0.1:58448conn success
goroutine 96_conn_consume_input defer
goroutine 94_conn_consume_output defer
goroutine 95_conn_consume_input defer
    main_test.go:69: conn close by client self
goroutine 96_conn_read defer
goroutine 95_conn_consume_output defer
goroutine 96_conn_consume_output defer
127.0.0.1:58449conn success
goroutine 97_conn_consume_input defer
    main_test.go:69: conn close by client self
goroutine 97_conn_consume_output defer
goroutine 95_conn_read defer
    main_test.go:69: conn close by client self
127.0.0.1:58450conn success
    main_test.go:69: conn close by client self
goroutine 98_conn_read defer
goroutine 97_conn_read defer
goroutine 98_conn_consume_input defer
goroutine 98_conn_consume_output defer
127.0.0.1:58451conn success
127.0.0.1:58452conn success
goroutine 99_conn_consume_input defer
goroutine 100_conn_consume_input defer
goroutine 99_conn_consume_output defer
goroutine 100_conn_consume_output defer
    main_test.go:69: conn close by client self
goroutine 100_conn_read defer
    main_test.go:69: conn close by client self
goroutine 99_conn_read defer
--- PASS: TestClientMul (7.01s)
PASS
ok  	github.com/winkb/tcp1/client/test	(cached)
=== RUN   Test_getRandStr
    main_test.go:10: ab
--- PASS: Test_getRandStr (0.00s)
PASS
ok  	github.com/winkb/tcp1/db	(cached)
?   	github.com/winkb/tcp1/gotag	[no test files]
=== RUN   TestVersionCollect_reg
    version_collect_test.go:7: 1.0.1
--- PASS: TestVersionCollect_reg (0.00s)
PASS
ok  	github.com/winkb/tcp1/gotag/chain	(cached)
?   	github.com/winkb/tcp1/mytcp	[no test files]
=== RUN   TestSize1
    size_test.go:16: 2
--- PASS: TestSize1 (0.00s)
=== RUN   TestSize2
    size_test.go:22: 1
    size_test.go:23: 2
--- PASS: TestSize2 (0.00s)
PASS
ok  	github.com/winkb/tcp1/server	(cached)
=== RUN   TestToStr
    num_test.go:9: string
    num_test.go:10: 1
    num_test.go:11: 1.1
--- PASS: TestToStr (0.00s)
PASS
ok  	github.com/winkb/tcp1/util/numfn	(cached)
?   	github.com/winkb/tcp1/util/strfn	[no test files]
?   	github.com/winkb/tcp1/util/types	[no test files]
FAIL
